d:\2024\тестовое cadex\dllcadexchanger\dllcadexchanger\x64\debug\dllcadexchanger.pch
d:\2024\тестовое cadex\dllcadexchanger\dllcadexchanger\x64\debug\vc143.pdb
d:\2024\тестовое cadex\dllcadexchanger\dllcadexchanger\x64\debug\vc143.idb
d:\2024\тестовое cadex\dllcadexchanger\dllcadexchanger\x64\debug\pch.obj
d:\2024\тестовое cadex\dllcadexchanger\dllcadexchanger\x64\debug\helix.obj
d:\2024\тестовое cadex\dllcadexchanger\dllcadexchanger\x64\debug\ellips.obj
d:\2024\тестовое cadex\dllcadexchanger\dllcadexchanger\x64\debug\dllmain.obj
d:\2024\тестовое cadex\dllcadexchanger\dllcadexchanger\x64\debug\circle.obj
d:\2024\тестовое cadex\dllcadexchanger\dllcadexchanger\x64\debug\dllcadexchanger.ilk
d:\2024\тестовое cadex\dllcadexchanger\x64\debug\dllcadexchanger.dll
d:\2024\тестовое cadex\dllcadexchanger\x64\debug\dllcadexchanger.pdb
d:\2024\тестовое cadex\dllcadexchanger\x64\debug\dllcadexchanger.lib
d:\2024\тестовое cadex\dllcadexchanger\x64\debug\dllcadexchanger.exp
d:\2024\тестовое cadex\dllcadexchanger\dllcadexchanger\x64\debug\dllcadexchanger.tlog\cl.command.1.tlog
d:\2024\тестовое cadex\dllcadexchanger\dllcadexchanger\x64\debug\dllcadexchanger.tlog\cl.items.tlog
d:\2024\тестовое cadex\dllcadexchanger\dllcadexchanger\x64\debug\dllcadexchanger.tlog\cl.read.1.tlog
d:\2024\тестовое cadex\dllcadexchanger\dllcadexchanger\x64\debug\dllcadexchanger.tlog\cl.write.1.tlog
d:\2024\тестовое cadex\dllcadexchanger\dllcadexchanger\x64\debug\dllcadexchanger.tlog\link.command.1.tlog
d:\2024\тестовое cadex\dllcadexchanger\dllcadexchanger\x64\debug\dllcadexchanger.tlog\link.read.1.tlog
d:\2024\тестовое cadex\dllcadexchanger\dllcadexchanger\x64\debug\dllcadexchanger.tlog\link.write.1.tlog
d:\2024\тестовое cadex\dllcadexchanger\dllcadexchanger\x64\debug\dllcadexchanger.tlog\link.write.2u.tlog
